<?xml version="1.0" encoding="UTF-8" ?>
<testsuites>
  <testsuite name="ATestCase" tests="2" failures="0" errors="0" time="0.0" package="pack" id="0">
  
    <properties>
[...]
</properties>

      <testcase name="testSucceed" classname="pack.ATestCase" time="0.0"></testcase>

      <testcase name="testSucceed2" classname="pack.ATestCase" time="0.0"></testcase>

      <system-out><![CDATA[]]></system-out>

      <system-err><![CDATA[]]></system-err>

  </testsuite>
  <testsuite name="ATestSuite" tests="2" failures="0" errors="0" time="0.0" package="pack" id="1">
  
    <properties>
[...]
</properties>

      <testcase name="testSucceed" classname="pack.ATestCase" time="0.0"></testcase>

      <testcase name="testSucceed2" classname="pack.ATestCase" time="0.0"></testcase>

      <system-out><![CDATA[]]></system-out>

      <system-err><![CDATA[]]></system-err>

  </testsuite>
  <testsuite name="AllTests" tests="6" failures="3" errors="1" time="0.015" package="pack" id="2">
  
    <properties>
[...]
</properties>

      <testcase name="testSucceed" classname="pack.ATestCase" time="0.0"></testcase>

      <testcase name="testSucceed2" classname="pack.ATestCase" time="0.0"></testcase>

      <testcase name="testNasty" classname="pack.Failures" time="0.015">
    
      <failure message="&lt;/failure&gt;" type="junit.framework.AssertionFailedError">junit.framework.AssertionFailedError: &lt;/failure&gt;
	at pack.Failures.testNasty(Failures.java:8)
	at org.eclipse.ant.internal.ui.antsupport.EclipseDefaultExecutor.executeTargets(EclipseDefaultExecutor.java:32)
	at org.eclipse.ant.internal.ui.antsupport.InternalAntRunner.run(InternalAntRunner.java:423)
	at org.eclipse.ant.internal.ui.antsupport.InternalAntRunner.main(InternalAntRunner.java:137)
</failure>

      </testcase>

      <testcase name="testError" classname="pack.Failures" time="0.0">
    
      <error message="&lt;/failure&gt;" type="java.lang.IllegalStateException">java.lang.IllegalStateException: &lt;/failure&gt;
	at pack.Failures.testError(Failures.java:12)
	at org.eclipse.ant.internal.ui.antsupport.EclipseDefaultExecutor.executeTargets(EclipseDefaultExecutor.java:32)
	at org.eclipse.ant.internal.ui.antsupport.InternalAntRunner.run(InternalAntRunner.java:423)
	at org.eclipse.ant.internal.ui.antsupport.InternalAntRunner.main(InternalAntRunner.java:137)
</error>

      </testcase>

      <testcase name="testCompare" classname="pack.Failures" time="0.0">
    
      <failure message="expected:&lt; [Hello World.  ]&gt; but was:&lt; [ Hello my friend.]&gt;" type="junit.framework.ComparisonFailure">junit.framework.ComparisonFailure: expected:&lt;
[Hello World.

]&gt; but was:&lt;
[
Hello my friend.]&gt;
	at pack.Failures.testCompare(Failures.java:16)
	at org.eclipse.ant.internal.ui.antsupport.EclipseDefaultExecutor.executeTargets(EclipseDefaultExecutor.java:32)
	at org.eclipse.ant.internal.ui.antsupport.InternalAntRunner.run(InternalAntRunner.java:423)
	at org.eclipse.ant.internal.ui.antsupport.InternalAntRunner.main(InternalAntRunner.java:137)
</failure>

      </testcase>

      <testcase name="testCompareNull" classname="pack.Failures" time="0.0">
    
      <failure message="expected:&lt;Hello World.&gt; but was:&lt;null&gt;" type="junit.framework.ComparisonFailure">junit.framework.ComparisonFailure: expected:&lt;Hello World.&gt; but was:&lt;null&gt;
	at pack.Failures.testCompareNull(Failures.java:20)
	at org.eclipse.ant.internal.ui.antsupport.EclipseDefaultExecutor.executeTargets(EclipseDefaultExecutor.java:32)
	at org.eclipse.ant.internal.ui.antsupport.InternalAntRunner.run(InternalAntRunner.java:423)
	at org.eclipse.ant.internal.ui.antsupport.InternalAntRunner.main(InternalAntRunner.java:137)
</failure>

      </testcase>

      <system-out><![CDATA[]]></system-out>

      <system-err><![CDATA[]]></system-err>

  </testsuite>
  <testsuite name="FailingSuite" tests="0" failures="1" errors="0" time="0.0" package="pack" id="3">
  
    <properties>
[...]
</properties>

      <testcase name="unknown" classname="pack.FailingSuite$MySetup" time="0.0">
    
      <failure message="failure in setUp" type="junit.framework.AssertionFailedError">junit.framework.AssertionFailedError: failure in setUp
	at pack.FailingSuite$MySetup.setUp(FailingSuite.java:15)
	at junit.extensions.TestSetup$1.protect(TestSetup.java:20)
	at junit.extensions.TestSetup.run(TestSetup.java:25)
	at org.eclipse.ant.internal.ui.antsupport.EclipseDefaultExecutor.executeTargets(EclipseDefaultExecutor.java:32)
	at org.eclipse.ant.internal.ui.antsupport.InternalAntRunner.run(InternalAntRunner.java:423)
	at org.eclipse.ant.internal.ui.antsupport.InternalAntRunner.main(InternalAntRunner.java:137)
</failure>

      </testcase>

      <system-out><![CDATA[]]></system-out>

      <system-err><![CDATA[]]></system-err>

  </testsuite>
  <testsuite name="Failures" tests="4" failures="3" errors="1" time="0.015" package="pack" id="4">
  
    <properties>
[...]
</properties>

      <testcase name="testNasty" classname="pack.Failures" time="0.015">
    
      <failure message="&lt;/failure&gt;" type="junit.framework.AssertionFailedError">junit.framework.AssertionFailedError: &lt;/failure&gt;
	at pack.Failures.testNasty(Failures.java:8)
	at org.eclipse.ant.internal.ui.antsupport.EclipseDefaultExecutor.executeTargets(EclipseDefaultExecutor.java:32)
	at org.eclipse.ant.internal.ui.antsupport.InternalAntRunner.run(InternalAntRunner.java:423)
	at org.eclipse.ant.internal.ui.antsupport.InternalAntRunner.main(InternalAntRunner.java:137)
</failure>

      </testcase>

      <testcase name="testError" classname="pack.Failures" time="0.0">
    
      <error message="&lt;/failure&gt;" type="java.lang.IllegalStateException">java.lang.IllegalStateException: &lt;/failure&gt;
	at pack.Failures.testError(Failures.java:12)
	at org.eclipse.ant.internal.ui.antsupport.EclipseDefaultExecutor.executeTargets(EclipseDefaultExecutor.java:32)
	at org.eclipse.ant.internal.ui.antsupport.InternalAntRunner.run(InternalAntRunner.java:423)
	at org.eclipse.ant.internal.ui.antsupport.InternalAntRunner.main(InternalAntRunner.java:137)
</error>

      </testcase>

      <testcase name="testCompare" classname="pack.Failures" time="0.0">
    
      <failure message="expected:&lt; [Hello World.  ]&gt; but was:&lt; [ Hello my friend.]&gt;" type="junit.framework.ComparisonFailure">junit.framework.ComparisonFailure: expected:&lt;
[Hello World.

]&gt; but was:&lt;
[
Hello my friend.]&gt;
	at pack.Failures.testCompare(Failures.java:16)
	at org.eclipse.ant.internal.ui.antsupport.EclipseDefaultExecutor.executeTargets(EclipseDefaultExecutor.java:32)
	at org.eclipse.ant.internal.ui.antsupport.InternalAntRunner.run(InternalAntRunner.java:423)
	at org.eclipse.ant.internal.ui.antsupport.InternalAntRunner.main(InternalAntRunner.java:137)
</failure>

      </testcase>

      <testcase name="testCompareNull" classname="pack.Failures" time="0.0">
    
      <failure message="expected:&lt;Hello World.&gt; but was:&lt;null&gt;" type="junit.framework.ComparisonFailure">junit.framework.ComparisonFailure: expected:&lt;Hello World.&gt; but was:&lt;null&gt;
	at pack.Failures.testCompareNull(Failures.java:20)
	at org.eclipse.ant.internal.ui.antsupport.EclipseDefaultExecutor.executeTargets(EclipseDefaultExecutor.java:32)
	at org.eclipse.ant.internal.ui.antsupport.InternalAntRunner.run(InternalAntRunner.java:423)
	at org.eclipse.ant.internal.ui.antsupport.InternalAntRunner.main(InternalAntRunner.java:137)
</failure>

      </testcase>

      <system-out><![CDATA[]]></system-out>

      <system-err><![CDATA[]]></system-err>

  </testsuite>
</testsuites>
