<?xml version="1.0" encoding="UTF-8" ?>
<testsuites>
  <testsuite errors="0" failures="0" hostname="Lavinio" id="0" name="ATestCase" package="pack" tests="2" time="0.015" timestamp="2007-04-17T16:59:46">
      <properties>
[...]
</properties>

      <testcase classname="pack.ATestCase" name="testSucceed" time="0.0" />

      <testcase classname="pack.ATestCase" name="testSucceed2" time="0.0" />

      <system-out><![CDATA[]]></system-out>

      <system-err><![CDATA[]]></system-err>

  </testsuite>
  <testsuite errors="0" failures="0" hostname="Lavinio" id="1" name="ATestSuite" package="pack" tests="2" time="0.0" timestamp="2007-04-17T16:59:46">
      <properties>
[...]
</properties>

      <testcase classname="pack.ATestCase" name="testSucceed" time="0.0" />

      <testcase classname="pack.ATestCase" name="testSucceed2" time="0.0" />

      <system-out><![CDATA[]]></system-out>

      <system-err><![CDATA[]]></system-err>

  </testsuite>
  <testsuite errors="3" failures="2" hostname="Lavinio" id="2" name="AllTests" package="pack" tests="8" time="0.218" timestamp="2007-04-17T16:59:45">
      <properties>
[...]
</properties>

      <testcase classname="pack.ATestCase" name="testSucceed" time="0.015" />

      <testcase classname="pack.ATestCase" name="testSucceed2" time="0.0" />

      <testcase classname="pack.Failures" name="testNasty" time="0.016">
          <failure message="&lt;/failure&gt;" type="junit.framework.AssertionFailedError">junit.framework.AssertionFailedError: &lt;/failure&gt;
	at org.eclipse.ant.internal.ui.antsupport.EclipseDefaultExecutor.executeTargets(EclipseDefaultExecutor.java:32)
	at org.eclipse.ant.internal.ui.antsupport.InternalAntRunner.run(InternalAntRunner.java:423)
	at org.eclipse.ant.internal.ui.antsupport.InternalAntRunner.main(InternalAntRunner.java:137)
	at pack.Failures.testNasty(Failures.java:12)
</failure>

      </testcase>

      <testcase classname="pack.Failures" name="testError" time="0.016">
          <error message="&lt;/failure&gt;" type="java.lang.IllegalStateException">java.lang.IllegalStateException: &lt;/failure&gt;
	at pack.Failures.testError(Failures.java:22)
	at org.eclipse.ant.internal.ui.antsupport.EclipseDefaultExecutor.executeTargets(EclipseDefaultExecutor.java:32)
	at org.eclipse.ant.internal.ui.antsupport.InternalAntRunner.run(InternalAntRunner.java:423)
	at org.eclipse.ant.internal.ui.antsupport.InternalAntRunner.main(InternalAntRunner.java:137)
</error>

      </testcase>

      <testcase classname="pack.Failures" name="errorExpected" time="0.0" />

      <testcase classname="pack.Failures" name="errorExpectedOther" time="0.0">
          <error message="Unexpected exception, expected&lt;java.lang.IllegalArgumentException&gt; but was&lt;java.lang.IllegalStateException&gt;" type="java.lang.Exception">java.lang.Exception: Unexpected exception, expected&lt;java.lang.IllegalArgumentException&gt; but was&lt;java.lang.IllegalStateException&gt;
	at org.eclipse.ant.internal.ui.antsupport.EclipseDefaultExecutor.executeTargets(EclipseDefaultExecutor.java:32)
	at org.eclipse.ant.internal.ui.antsupport.InternalAntRunner.run(InternalAntRunner.java:423)
	at org.eclipse.ant.internal.ui.antsupport.InternalAntRunner.main(InternalAntRunner.java:137)
Caused by: java.lang.IllegalStateException: xx
	at pack.Failures.errorExpectedOther(Failures.java:32)
</error>

      </testcase>

      <testcase classname="pack.Failures" name="compareTheStuff" time="0.015">
          <error message="expected:&lt; [Hello World.  ]&gt; but was:&lt; [ Hello my friend.]&gt;" type="org.junit.ComparisonFailure">[Hello World.

]&gt; but was:&lt;
[
Hello my friend.]&gt;
	at pack.Failures.compareTheStuff(Failures.java:37)
	at org.eclipse.ant.internal.ui.antsupport.EclipseDefaultExecutor.executeTargets(EclipseDefaultExecutor.java:32)
	at org.eclipse.ant.internal.ui.antsupport.InternalAntRunner.run(InternalAntRunner.java:423)
	at org.eclipse.ant.internal.ui.antsupport.InternalAntRunner.main(InternalAntRunner.java:137)
</error>

      </testcase>

      <testcase classname="pack.Failures" name="testCompareNull" time="0.0">
          <failure message="expected:&lt;Hello World.&gt; but was:&lt;null&gt;" type="junit.framework.AssertionFailedError">junit.framework.AssertionFailedError: expected:&lt;Hello World.&gt; but was:&lt;null&gt;
	at org.eclipse.ant.internal.ui.antsupport.EclipseDefaultExecutor.executeTargets(EclipseDefaultExecutor.java:32)
	at org.eclipse.ant.internal.ui.antsupport.InternalAntRunner.run(InternalAntRunner.java:423)
	at org.eclipse.ant.internal.ui.antsupport.InternalAntRunner.main(InternalAntRunner.java:137)
	at pack.Failures.testCompareNull(Failures.java:42)
</failure>

      </testcase>

      <system-out><![CDATA[[Hello World.

]> but was:<
[
Hello my friend.]>)
]]></system-out>

      <system-err><![CDATA[]]></system-err>

  </testsuite>
  <testsuite errors="3" failures="2" hostname="Lavinio" id="3" name="Failures" package="pack" tests="6" time="0.015" timestamp="2007-04-17T16:59:46">
      <properties>
[...]
</properties>

      <testcase classname="pack.Failures" name="testNasty" time="0.0">
          <failure message="&lt;/failure&gt;" type="junit.framework.AssertionFailedError">junit.framework.AssertionFailedError: &lt;/failure&gt;
	at org.eclipse.ant.internal.ui.antsupport.EclipseDefaultExecutor.executeTargets(EclipseDefaultExecutor.java:32)
	at org.eclipse.ant.internal.ui.antsupport.InternalAntRunner.run(InternalAntRunner.java:423)
	at org.eclipse.ant.internal.ui.antsupport.InternalAntRunner.main(InternalAntRunner.java:137)
	at pack.Failures.testNasty(Failures.java:12)
</failure>

      </testcase>

      <testcase classname="pack.Failures" name="testError" time="0.0">
          <error message="&lt;/failure&gt;" type="java.lang.IllegalStateException">java.lang.IllegalStateException: &lt;/failure&gt;
	at pack.Failures.testError(Failures.java:22)
	at org.eclipse.ant.internal.ui.antsupport.EclipseDefaultExecutor.executeTargets(EclipseDefaultExecutor.java:32)
	at org.eclipse.ant.internal.ui.antsupport.InternalAntRunner.run(InternalAntRunner.java:423)
	at org.eclipse.ant.internal.ui.antsupport.InternalAntRunner.main(InternalAntRunner.java:137)
</error>

      </testcase>

      <testcase classname="pack.Failures" name="errorExpected" time="0.0" />

      <testcase classname="pack.Failures" name="errorExpectedOther" time="0.0">
          <error message="Unexpected exception, expected&lt;java.lang.IllegalArgumentException&gt; but was&lt;java.lang.IllegalStateException&gt;" type="java.lang.Exception">java.lang.Exception: Unexpected exception, expected&lt;java.lang.IllegalArgumentException&gt; but was&lt;java.lang.IllegalStateException&gt;
	at org.eclipse.ant.internal.ui.antsupport.EclipseDefaultExecutor.executeTargets(EclipseDefaultExecutor.java:32)
	at org.eclipse.ant.internal.ui.antsupport.InternalAntRunner.run(InternalAntRunner.java:423)
	at org.eclipse.ant.internal.ui.antsupport.InternalAntRunner.main(InternalAntRunner.java:137)
Caused by: java.lang.IllegalStateException: xx
	at pack.Failures.errorExpectedOther(Failures.java:32)
</error>

      </testcase>

      <testcase classname="pack.Failures" name="compareTheStuff" time="0.0">
          <error message="expected:&lt; [Hello World.  ]&gt; but was:&lt; [ Hello my friend.]&gt;" type="org.junit.ComparisonFailure">[Hello World.

]&gt; but was:&lt;
[
Hello my friend.]&gt;
	at pack.Failures.compareTheStuff(Failures.java:37)
	at org.eclipse.ant.internal.ui.antsupport.EclipseDefaultExecutor.executeTargets(EclipseDefaultExecutor.java:32)
	at org.eclipse.ant.internal.ui.antsupport.InternalAntRunner.run(InternalAntRunner.java:423)
	at org.eclipse.ant.internal.ui.antsupport.InternalAntRunner.main(InternalAntRunner.java:137)
</error>

      </testcase>

      <testcase classname="pack.Failures" name="testCompareNull" time="0.0">
          <failure message="expected:&lt;Hello World.&gt; but was:&lt;null&gt;" type="junit.framework.AssertionFailedError">junit.framework.AssertionFailedError: expected:&lt;Hello World.&gt; but was:&lt;null&gt;
	at org.eclipse.ant.internal.ui.antsupport.EclipseDefaultExecutor.executeTargets(EclipseDefaultExecutor.java:32)
	at org.eclipse.ant.internal.ui.antsupport.InternalAntRunner.run(InternalAntRunner.java:423)
	at org.eclipse.ant.internal.ui.antsupport.InternalAntRunner.main(InternalAntRunner.java:137)
	at pack.Failures.testCompareNull(Failures.java:42)
</failure>

      </testcase>

      <system-out><![CDATA[[Hello World.

]> but was:<
[
Hello my friend.]>)
]]></system-out>

      <system-err><![CDATA[]]></system-err>

  </testsuite>
</testsuites>
